#
# There is insufficient memory for the Java Runtime Environment to continue.
# Native memory allocation (mmap) failed to map 130023424 bytes. Error detail: G1 virtual space
# Possible reasons:
#   The system is out of physical RAM or swap space
#   This process is running with CompressedOops enabled, and the Java Heap may be blocking the growth of the native heap
# Possible solutions:
#   Reduce memory load on the system
#   Increase physical memory or swap space
#   Check if swap backing store is full
#   Decrease Java heap size (-Xmx/-Xms)
#   Decrease number of Java threads
#   Decrease Java thread stack sizes (-Xss)
#   Set larger code cache with -XX:ReservedCodeCacheSize=
#   JVM is running with Unscaled Compressed Oops mode in which the Java heap is
#     placed in the first 4GB address space. The Java Heap base address is the
#     maximum limit for the native heap growth. Please use -XX:HeapBaseMinAddress
#     to set the Java Heap base and to place the Java Heap above 4GB virtual address.
# This output file may be truncated or incomplete.
#
#  Out of Memory Error (os_windows.cpp:3631), pid=28452, tid=28520
#
# JRE version:  (22.0.1+8) (build )
# Java VM: Java HotSpot(TM) 64-Bit Server VM (22.0.1+8-16, mixed mode, sharing, tiered, compressed oops, compressed class ptrs, g1 gc, windows-amd64)
# No core dump will be written. Minidumps are not enabled by default on client versions of Windows
#

---------------  S U M M A R Y ------------

Command Line: -Dfile.encoding=UTF-8 --module-path=C:\Users\gaura\Documents\NetBeansProjects\bank management system\build\classes bank.management.system.Transactions

Host: 11th Gen Intel(R) Core(TM) i3-1115G4 @ 3.00GHz, 4 cores, 7G,  Windows 11 , 64 bit Build 22621 (10.0.22621.3672)
Time: Thu Jul 11 02:46:53 2024 India Standard Time elapsed time: 0.016258 seconds (0d 0h 0m 0s)

---------------  T H R E A D  ---------------

Current thread (0x0000023f403e7ce0):  JavaThread "Unknown thread" [_thread_in_vm, id=28520, stack(0x00000098f4d00000,0x00000098f4e00000) (1024K)]

Stack: [0x00000098f4d00000,0x00000098f4e00000]
Native frames: (J=compiled Java code, j=interpreted, Vv=VM code, C=native code)
V  [jvm.dll+0x6e2279]  (no source info available)
V  [jvm.dll+0x874e33]  (no source info available)
V  [jvm.dll+0x87725e]  (no source info available)
V  [jvm.dll+0x877933]  (no source info available)
V  [jvm.dll+0x27fd76]  (no source info available)
V  [jvm.dll+0x6de915]  (no source info available)
V  [jvm.dll+0x6d341a]  (no source info available)
V  [jvm.dll+0x3589da]  (no source info available)
V  [jvm.dll+0x360f06]  (no source info available)
V  [jvm.dll+0x3b3e2e]  (no source info available)
V  [jvm.dll+0x3b40d8]  (no source info available)
V  [jvm.dll+0x32c59c]  (no source info available)
V  [jvm.dll+0x32d158]  (no source info available)
V  [jvm.dll+0x83ccdc]  (no source info available)
V  [jvm.dll+0x3c0d71]  (no source info available)
V  [jvm.dll+0x825ccc]  (no source info available)
V  [jvm.dll+0x45b8fe]  (no source info available)
V  [jvm.dll+0x45d781]  (no source info available)
C  [jli.dll+0x52a3]  (no source info available)
C  [ucrtbase.dll+0x29333]  (no source info available)
C  [KERNEL32.DLL+0x1257d]  (no source info available)
C  [ntdll.dll+0x5af28]  (no source info available)


---------------  P R O C E S S  ---------------

Threads class SMR info:
_java_thread_list=0x00007ffd8174b1c8, length=0, elements={
}

Java Threads: ( => current thread )
Total: 0

Other Threads:
  0x0000023f4265ddb0 WorkerThread "GC Thread#0"                     [id=28524, stack(0x00000098f4e00000,0x00000098f4f00000) (1024K)]
  0x0000023f4266ed70 ConcurrentGCThread "G1 Main Marker"            [id=28528, stack(0x00000098f4f00000,0x00000098f5000000) (1024K)]
  0x0000023f42670a40 WorkerThread "G1 Conc#0"                       [id=28532, stack(0x00000098f5000000,0x00000098f5100000) (1024K)]

[error occurred during error reporting (printing all threads), id 0xc0000005, EXCEPTION_ACCESS_VIOLATION (0xc0000005) at pc=0x00007ffd80e9f367]
VM state: not at safepoint (not fully initialized)

VM Mutex/Monitor currently owned by a thread:  ([mutex/lock_event])
[0x00007ffd817cbcb8] Heap_lock - owner thread: 0x0000023f403e7ce0

Heap address: 0x0000000084200000, size: 1982 MB, Compressed Oops mode: 32-bit

CDS archive(s) mapped at: [0x0000000000000000-0x0000000000000000-0x0000000000000000), size 0, SharedBaseAddress: 0x0000000800000000, ArchiveRelocationMode: 1.
Narrow klass base: 0x0000000000000000, Narrow klass shift: 0, Narrow klass range: 0x0

GC Precious Log:
 CardTable entry size: 512
 Card Set container configuration: InlinePtr #cards 5 size 8 Array Of Cards #cards 12 size 40 Howl #buckets 4 coarsen threshold 1843 Howl Bitmap #cards 512 size 80 coarsen threshold 460 Card regions per heap region 1 cards per card region 2048

Heap:
 garbage-first heap   total reserved 2029568K, committed 0K, used 0K [0x0000000084200000, 0x0000000100000000)
  region size 1024K, 0 young (0K), 0 survivors (0K)

[error occurred during error reporting (printing heap information), id 0xc0000005, EXCEPTION_ACCESS_VIOLATION (0xc0000005) at pc=0x00007ffd8129e429]
GC Heap History (0 events):
No events

Dll operation events (1 events):
Event: 0.010 Loaded shared library C:\Program Files\Java\jdk-22\bin\java.dll

Deoptimization events (0 events):
No events

Classes loaded (0 events):
No events

Classes unloaded (0 events):
No events

Classes redefined (0 events):
No events

Internal exceptions (0 events):
No events

ZGC Phase Switch (0 events):
No events

VM Operations (0 events):
No events

Events (0 events):
No events


Dynamic libraries:
0x00007ff640f40000 - 0x00007ff640f50000 	C:\Program Files\Java\jdk-22\bin\java.exe
0x00007ffdfb550000 - 0x00007ffdfb767000 	C:\Windows\SYSTEM32\ntdll.dll
0x00007ffdf9440000 - 0x00007ffdf9504000 	C:\Windows\System32\KERNEL32.DLL
0x00007ffdf88f0000 - 0x00007ffdf8c9c000 	C:\Windows\System32\KERNELBASE.dll
0x00007ffdf8e10000 - 0x00007ffdf8f21000 	C:\Windows\System32\ucrtbase.dll
0x00007ffdc6510000 - 0x00007ffdc652b000 	C:\Program Files\Java\jdk-22\bin\VCRUNTIME140.dll
0x00007ffdf2250000 - 0x00007ffdf2267000 	C:\Program Files\Java\jdk-22\bin\jli.dll
0x00007ffdfb220000 - 0x00007ffdfb2d2000 	C:\Windows\System32\ADVAPI32.dll
0x00007ffdf9fb0000 - 0x00007ffdfa057000 	C:\Windows\System32\msvcrt.dll
0x00007ffdfa680000 - 0x00007ffdfa72a000 	C:\Windows\System32\sechost.dll
0x00007ffdf9140000 - 0x00007ffdf9168000 	C:\Windows\System32\bcrypt.dll
0x00007ffdfa750000 - 0x00007ffdfa865000 	C:\Windows\System32\RPCRT4.dll
0x00007ffdf9290000 - 0x00007ffdf943e000 	C:\Windows\System32\USER32.dll
0x00007ffdf8fd0000 - 0x00007ffdf8ff6000 	C:\Windows\System32\win32u.dll
0x00007ffdfa9c0000 - 0x00007ffdfa9e9000 	C:\Windows\System32\GDI32.dll
0x00007ffdf9170000 - 0x00007ffdf9289000 	C:\Windows\System32\gdi32full.dll
0x00007ffdf8f30000 - 0x00007ffdf8fca000 	C:\Windows\System32\msvcp_win.dll
0x00007ffde4d60000 - 0x00007ffde4ff3000 	C:\Windows\WinSxS\amd64_microsoft.windows.common-controls_6595b64144ccf1df_6.0.22621.3672_none_2713b9d173822955\COMCTL32.dll
0x00007ffdf0a90000 - 0x00007ffdf0a9a000 	C:\Windows\SYSTEM32\VERSION.dll
0x00007ffdfaf20000 - 0x00007ffdfaf51000 	C:\Windows\System32\IMM32.DLL
0x00007ffdc6500000 - 0x00007ffdc650c000 	C:\Program Files\Java\jdk-22\bin\vcruntime140_1.dll
0x00007ffd80830000 - 0x00007ffd808be000 	C:\Program Files\Java\jdk-22\bin\msvcp140.dll
0x00007ffd80b60000 - 0x00007ffd818a7000 	C:\Program Files\Java\jdk-22\bin\server\jvm.dll
0x00007ffdfa060000 - 0x00007ffdfa0d1000 	C:\Windows\System32\WS2_32.dll
0x00007ffdf8690000 - 0x00007ffdf86dd000 	C:\Windows\SYSTEM32\POWRPROF.dll
0x00007ffdf1d00000 - 0x00007ffdf1d34000 	C:\Windows\SYSTEM32\WINMM.dll
0x00007ffdf8670000 - 0x00007ffdf8683000 	C:\Windows\SYSTEM32\UMPDC.dll
0x00007ffdf78b0000 - 0x00007ffdf78c8000 	C:\Windows\SYSTEM32\kernel.appcore.dll
0x00007ffdc64f0000 - 0x00007ffdc64fa000 	C:\Program Files\Java\jdk-22\bin\jimage.dll
0x00007ffdf5f40000 - 0x00007ffdf6172000 	C:\Windows\SYSTEM32\DBGHELP.DLL
0x00007ffdfa2e0000 - 0x00007ffdfa668000 	C:\Windows\System32\combase.dll
0x00007ffdfa870000 - 0x00007ffdfa947000 	C:\Windows\System32\OLEAUT32.dll
0x00007ffdd1a30000 - 0x00007ffdd1a62000 	C:\Windows\SYSTEM32\dbgcore.DLL
0x00007ffdf90c0000 - 0x00007ffdf913b000 	C:\Windows\System32\bcryptPrimitives.dll
0x00007ffd821b0000 - 0x00007ffd821ce000 	C:\Program Files\Java\jdk-22\bin\java.dll
0x00007ffdf9690000 - 0x00007ffdf9eec000 	C:\Windows\System32\SHELL32.dll
0x00007ffdfb2e0000 - 0x00007ffdfb485000 	C:\Windows\System32\ole32.dll

dbghelp: loaded successfully - version: 4.0.5 - missing functions: none
symbol engine: initialized successfully - sym options: 0x614 - pdb path: .;C:\Program Files\Java\jdk-22\bin;C:\Windows\SYSTEM32;C:\Windows\WinSxS\amd64_microsoft.windows.common-controls_6595b64144ccf1df_6.0.22621.3672_none_2713b9d173822955;C:\Program Files\Java\jdk-22\bin\server

VM Arguments:
jvm_args: -Dfile.encoding=UTF-8 --module-path=C:\Users\gaura\Documents\NetBeansProjects\bank management system\build\classes 
java_command: bank.management.system.Transactions
java_class_path (initial): C:\Users\gaura\Downloads\jcalendar-tz-1.3.3-4.jar;C:\Users\gaura\Downloads\mysql-connector-java-8.0.28.jar;C:\Users\gaura\Documents\NetBeansProjects\bank management system\build\classes
Launcher Type: SUN_STANDARD

[Global flags]
     intx CICompilerCount                          = 3                                         {product} {ergonomic}
     uint ConcGCThreads                            = 1                                         {product} {ergonomic}
     uint G1ConcRefinementThreads                  = 4                                         {product} {ergonomic}
   size_t G1HeapRegionSize                         = 1048576                                   {product} {ergonomic}
   size_t InitialHeapSize                          = 130023424                                 {product} {ergonomic}
   size_t MarkStackSize                            = 4194304                                   {product} {ergonomic}
   size_t MaxHeapSize                              = 2078277632                                {product} {ergonomic}
   size_t MinHeapDeltaBytes                        = 1048576                                   {product} {ergonomic}
   size_t MinHeapSize                              = 8388608                                   {product} {ergonomic}
    uintx NonNMethodCodeHeapSize                   = 5832780                                {pd product} {ergonomic}
    uintx NonProfiledCodeHeapSize                  = 122912730                              {pd product} {ergonomic}
    uintx ProfiledCodeHeapSize                     = 122912730                              {pd product} {ergonomic}
    uintx ReservedCodeCacheSize                    = 251658240                              {pd product} {ergonomic}
     bool SegmentedCodeCache                       = true                                      {product} {ergonomic}
   size_t SoftMaxHeapSize                          = 2078277632                             {manageable} {ergonomic}
     bool UseCompressedOops                        = true                           {product lp64_product} {ergonomic}
     bool UseG1GC                                  = true                                      {product} {ergonomic}
     bool UseLargePagesIndividualAllocation        = false                                  {pd product} {ergonomic}

Logging:
Log output configuration:
 #0: stdout all=warning uptime,level,tags foldmultilines=false
 #1: stderr all=off uptime,level,tags foldmultilines=false

Environment Variables:
PATH=C:\Program Files\Common Files\Oracle\Java\javapath;C:\Windows\system32;C:\Windows;C:\Windows\System32\Wbem;C:\Windows\System32\WindowsPowerShell\v1.0\;C:\Windows\System32\OpenSSH\;C:\Program Files\dotnet\;C:\Program Files\Java\jdk-22\bin;C:\Program Files\MySQL\MySQL Shell 8.0\bin\;C:\Users\gaura\AppData\Local\Microsoft\WindowsApps;C:\Users\gaura\AppData\Local\Programs\Microsoft VS Code\bin
USERNAME=gaura
OS=Windows_NT
PROCESSOR_IDENTIFIER=Intel64 Family 6 Model 140 Stepping 1, GenuineIntel
TMP=C:\Users\gaura\AppData\Local\Temp
TEMP=C:\Users\gaura\AppData\Local\Temp




Periodic native trim disabled

---------------  S Y S T E M  ---------------

OS:
 Windows 11 , 64 bit Build 22621 (10.0.22621.3672)
OS uptime: 0 days 12:15 hours

CPU: total 4 (initial active 4) (2 cores per cpu, 2 threads per core) family 6 model 140 stepping 1 microcode 0xb4, cx8, cmov, fxsr, ht, mmx, 3dnowpref, sse, sse2, sse3, ssse3, sse4.1, sse4.2, popcnt, lzcnt, tsc, tscinvbit, avx, avx2, aes, erms, clmul, bmi1, bmi2, adx, avx512f, avx512dq, avx512cd, avx512bw, avx512vl, sha, fma, vzeroupper, avx512_vpopcntdq, avx512_vpclmulqdq, avx512_vaes, avx512_vnni, clflush, clflushopt, clwb, avx512_vbmi2, avx512_vbmi, rdtscp, rdpid, fsrm, gfni, avx512_bitalg, f16c, pku, cet_ibt, cet_ss, avx512_ifma
Processor Information for processor 0
  Max Mhz: 2995, Current Mhz: 2995, Mhz Limit: 2995
Processor Information for processor 1
  Max Mhz: 2995, Current Mhz: 2995, Mhz Limit: 2995
Processor Information for processor 2
  Max Mhz: 2995, Current Mhz: 2995, Mhz Limit: 2995
Processor Information for processor 3
  Max Mhz: 2995, Current Mhz: 1198, Mhz Limit: 2995

Memory: 4k page, system-wide physical 7926M (604M free)
TotalPageFile size 32502M (AvailPageFile size 29M)
current process WorkingSet (physical memory assigned to process): 12M, peak: 12M
current process commit charge ("private bytes"): 52M, peak: 176M

vm_info: Java HotSpot(TM) 64-Bit Server VM (22.0.1+8-16) for windows-amd64 JRE (22.0.1+8-16), built on 2024-03-12T10:33:16Z by "mach5one" with MS VC++ 17.6 (VS2022)

END.
