#
# There is insufficient memory for the Java Runtime Environment to continue.
# Native memory allocation (mmap) failed to map 65536 bytes. Error detail: Failed to commit metaspace.
# Possible reasons:
#   The system is out of physical RAM or swap space
#   This process is running with CompressedOops enabled, and the Java Heap may be blocking the growth of the native heap
# Possible solutions:
#   Reduce memory load on the system
#   Increase physical memory or swap space
#   Check if swap backing store is full
#   Decrease Java heap size (-Xmx/-Xms)
#   Decrease number of Java threads
#   Decrease Java thread stack sizes (-Xss)
#   Set larger code cache with -XX:ReservedCodeCacheSize=
#   JVM is running with Unscaled Compressed Oops mode in which the Java heap is
#     placed in the first 4GB address space. The Java Heap base address is the
#     maximum limit for the native heap growth. Please use -XX:HeapBaseMinAddress
#     to set the Java Heap base and to place the Java Heap above 4GB virtual address.
# This output file may be truncated or incomplete.
#
#  Out of Memory Error (virtualSpaceNode.cpp:112), pid=23064, tid=2312
#
# JRE version: Java(TM) SE Runtime Environment (22.0.1+8) (build 22.0.1+8-16)
# Java VM: Java HotSpot(TM) 64-Bit Server VM (22.0.1+8-16, mixed mode, sharing, tiered, compressed oops, compressed class ptrs, g1 gc, windows-amd64)
# No core dump will be written. Minidumps are not enabled by default on client versions of Windows
#

---------------  S U M M A R Y ------------

Command Line: -Dfile.encoding=UTF-8 --module-path=C:\Users\gaura\Documents\NetBeansProjects\bank management system\build\classes bank.management.system.Transactions

Host: 11th Gen Intel(R) Core(TM) i3-1115G4 @ 3.00GHz, 4 cores, 7G,  Windows 11 , 64 bit Build 22621 (10.0.22621.3672)
Time: Thu Jul 11 02:54:50 2024 India Standard Time elapsed time: 0.269764 seconds (0d 0h 0m 0s)

---------------  T H R E A D  ---------------

Current thread (0x000001651d6967b0):  JavaThread "main"             [_thread_in_vm, id=2312, stack(0x0000004380100000,0x0000004380200000) (1024K)]

Stack: [0x0000004380100000,0x0000004380200000]
Native frames: (J=compiled Java code, j=interpreted, Vv=VM code, C=native code)
V  [jvm.dll+0x6e2279]  (no source info available)
V  [jvm.dll+0x874e33]  (no source info available)
V  [jvm.dll+0x87725e]  (no source info available)
V  [jvm.dll+0x877933]  (no source info available)
V  [jvm.dll+0x27fd76]  (no source info available)
V  [jvm.dll+0x870a7e]  (no source info available)
V  [jvm.dll+0x6852e5]  (no source info available)
V  [jvm.dll+0x68534a]  (no source info available)
V  [jvm.dll+0x687b8a]  (no source info available)
V  [jvm.dll+0x2250ac]  (no source info available)
V  [jvm.dll+0x685cfe]  (no source info available)
V  [jvm.dll+0x26b190]  (no source info available)
V  [jvm.dll+0x215cf7]  (no source info available)
V  [jvm.dll+0x20b4ee]  (no source info available)
V  [jvm.dll+0x5c462f]  (no source info available)
V  [jvm.dll+0x21cc6a]  (no source info available)
V  [jvm.dll+0x7eb6dc]  (no source info available)
V  [jvm.dll+0x7ec776]  (no source info available)
V  [jvm.dll+0x7ecfa0]  (no source info available)
V  [jvm.dll+0x2165ac]  (no source info available)
V  [jvm.dll+0x20b507]  (no source info available)
V  [jvm.dll+0x5c462f]  (no source info available)
V  [jvm.dll+0x21cc6a]  (no source info available)
V  [jvm.dll+0x7eb6dc]  (no source info available)
V  [jvm.dll+0x7ec776]  (no source info available)
V  [jvm.dll+0x7ecfa0]  (no source info available)
V  [jvm.dll+0x2165ac]  (no source info available)
V  [jvm.dll+0x20b507]  (no source info available)
V  [jvm.dll+0x5c462f]  (no source info available)
V  [jvm.dll+0x21cc6a]  (no source info available)
V  [jvm.dll+0x7eb6dc]  (no source info available)
V  [jvm.dll+0x7ec776]  (no source info available)
V  [jvm.dll+0x7ecd84]  (no source info available)
V  [jvm.dll+0x7eca08]  (no source info available)
V  [jvm.dll+0x26d79b]  (no source info available)
V  [jvm.dll+0x3d9b4e]  (no source info available)
C  0x000001652f07b494  (no source info available)

The last pc belongs to new (printed below).
Java frames: (J=compiled Java code, j=interpreted, Vv=VM code)
j  javax.swing.UIManager.setLookAndFeel(Ljava/lang/String;)V+9 java.desktop@22.0.1
j  javax.swing.UIManager.initializeDefaultLAF(Ljava/util/Properties;)V+58 java.desktop@22.0.1
j  javax.swing.UIManager.initialize()V+9 java.desktop@22.0.1
j  javax.swing.UIManager.maybeInitialize()V+22 java.desktop@22.0.1
j  javax.swing.UIManager.getUI(Ljavax/swing/JComponent;)Ljavax/swing/plaf/ComponentUI;+0 java.desktop@22.0.1
j  javax.swing.JPanel.updateUI()V+2 java.desktop@22.0.1
j  javax.swing.JPanel.<init>(Ljava/awt/LayoutManager;Z)V+24 java.desktop@22.0.1
j  javax.swing.JPanel.<init>(Z)V+9 java.desktop@22.0.1
j  javax.swing.JPanel.<init>()V+2 java.desktop@22.0.1
j  javax.swing.JRootPane.createGlassPane()Ljava/awt/Component;+4 java.desktop@22.0.1
j  javax.swing.JRootPane.<init>()V+11 java.desktop@22.0.1
j  javax.swing.JFrame.createRootPane()Ljavax/swing/JRootPane;+4 java.desktop@22.0.1
j  javax.swing.JFrame.frameInit()V+16 java.desktop@22.0.1
j  javax.swing.JFrame.<init>()V+20 java.desktop@22.0.1
j  bank.management.system.Transactions.<init>()V+1
j  bank.management.system.Transactions.main([Ljava/lang/String;)V+4
v  ~StubRoutines::call_stub 0x000001652f06100d
new  187 new  [0x000001652f07b300, 0x000001652f07b508]  520 bytes
[MachCode]
  0x000001652f07b300: 4883 ec08 | c5fa 1104 | 24eb 1f48 | 83ec 10c5 | fb11 0424 | eb14 4883 | ec10 4889 | 0424 48c7 
  0x000001652f07b320: 4424 0800 | 0000 00eb | 0150 410f | b755 010f | cac1 ea10 | 488b 4de8 | 488b 4908 | 488b 4908 
  0x000001652f07b340: 488b 4108 | 807c 1004 | 070f 85d3 | 0000 0066 | 8b54 d148 | 488b 4928 | 488b 4cd1 | 0851 80b9 
  0x000001652f07b360: 2001 0000 | 050f 85b6 | 0000 008b | 5108 f6c2 | 010f 85aa | 0000 0049 | 8b87 b801 | 0000 488d 
  0x000001652f07b380: 1c10 493b | 9fc8 0100 | 000f 8792 | 0000 0049 | 899f b801 | 0000 4883 | ea10 0f84 | 0f00 0000 
  0x000001652f07b3a0: 33c9 c1ea | 0348 894c | d008 48ff | ca75 f648 | c700 0100 | 0000 5933 | f689 700c | 49ba 0000 
  0x000001652f07b3c0: 003c 6501 | 0000 492b | ca89 4808 | 49ba 9d30 | 7a81 fd7f | 0000 4180 | 3a00 0f84 | 3c00 0000 
  0x000001652f07b3e0: 5048 8bc8 | 4883 ec20 | 40f6 c40f | 0f84 1900 | 0000 4883 | ec08 48b8 | 80b5 2a81 | fd7f 0000 
  0x000001652f07b400: ffd0 4883 | c408 e90c | 0000 0048 | b880 b52a | 81fd 7f00 | 00ff d048 | 83c4 2058 | e9cb 0000 
  0x000001652f07b420: 0059 488b | 55e8 488b | 5208 488b | 5208 450f | b745 0141 | 0fc8 41c1 | e810 e805 | 0000 00e9 
  0x000001652f07b440: a800 0000 | 488d 4424 | 084c 896d | c049 8bcf | c5f8 7749 | 89af b003 | 0000 4989 | 87a0 0300 
  0x000001652f07b460: 0048 83ec | 2040 f6c4 | 0f0f 8419 | 0000 0048 | 83ec 0848 | b800 9bf3 | 80fd 7f00 | 00ff d048 
  0x000001652f07b480: 83c4 08e9 | 0c00 0000 | 48b8 009b | f380 fd7f | 0000 ffd0 | 4883 c420 | 49c7 87a0 | 0300 0000 
  0x000001652f07b4a0: 0000 0049 | c787 b003 | 0000 0000 | 0000 49c7 | 87a8 0300 | 0000 0000 | 00c5 f877 | 4983 7f08 
  0x000001652f07b4c0: 000f 8405 | 0000 00e9 | 345a feff | 498b 87f8 | 0300 0049 | c787 f803 | 0000 0000 | 0000 4c8b 
  0x000001652f07b4e0: 6dc0 4c8b | 75c8 4e8d | 74f5 00c3 | 410f b65d | 0349 83c5 | 0349 baf0 | f97d 81fd | 7f00 0041 
  0x000001652f07b500: ff24 da0f | 1f44 0000 
[/MachCode]

---------------  P R O C E S S  ---------------

Threads class SMR info:
_java_thread_list=0x000001653bb17a20, length=14, elements={
0x000001651d6967b0, 0x000001653b6aab30, 0x000001653b6ab940, 0x000001653b6af3d0,
0x000001653b6b0a20, 0x000001653b6b8730, 0x000001653b6b9190, 0x000001653b6c3fd0,
0x000001653b6d0600, 0x000001653b8e6970, 0x000001653b9fc810, 0x000001653bb2aac0,
0x000001653bb33c10, 0x000001653bb37370
}

Java Threads: ( => current thread )
=>0x000001651d6967b0 JavaThread "main"                              [_thread_in_vm, id=2312, stack(0x0000004380100000,0x0000004380200000) (1024K)]
  0x000001653b6aab30 JavaThread "Reference Handler"          daemon [_thread_blocked, id=21996, stack(0x0000004380900000,0x0000004380a00000) (1024K)]
  0x000001653b6ab940 JavaThread "Finalizer"                  daemon [_thread_blocked, id=23312, stack(0x0000004380a00000,0x0000004380b00000) (1024K)]
  0x000001653b6af3d0 JavaThread "Signal Dispatcher"          daemon [_thread_blocked, id=12968, stack(0x0000004380b00000,0x0000004380c00000) (1024K)]
  0x000001653b6b0a20 JavaThread "Attach Listener"            daemon [_thread_blocked, id=18636, stack(0x0000004380c00000,0x0000004380d00000) (1024K)]
  0x000001653b6b8730 JavaThread "Service Thread"             daemon [_thread_blocked, id=17424, stack(0x0000004380d00000,0x0000004380e00000) (1024K)]
  0x000001653b6b9190 JavaThread "Monitor Deflation Thread"   daemon [_thread_blocked, id=7584, stack(0x0000004380e00000,0x0000004380f00000) (1024K)]
  0x000001653b6c3fd0 JavaThread "C2 CompilerThread0"         daemon [_thread_blocked, id=13116, stack(0x0000004380f00000,0x0000004381000000) (1024K)]
  0x000001653b6d0600 JavaThread "C1 CompilerThread0"         daemon [_thread_blocked, id=22896, stack(0x0000004381000000,0x0000004381100000) (1024K)]
  0x000001653b8e6970 JavaThread "Common-Cleaner"             daemon [_thread_blocked, id=17328, stack(0x0000004381100000,0x0000004381200000) (1024K)]
  0x000001653b9fc810 JavaThread "Notification Thread"        daemon [_thread_blocked, id=27904, stack(0x0000004381200000,0x0000004381300000) (1024K)]
  0x000001653bb2aac0 JavaThread "Java2D Disposer"            daemon [_thread_blocked, id=14188, stack(0x0000004381300000,0x0000004381400000) (1024K)]
  0x000001653bb33c10 JavaThread "AWT-Shutdown"                      [_thread_blocked, id=22900, stack(0x0000004381400000,0x0000004381500000) (1024K)]
  0x000001653bb37370 JavaThread "AWT-Windows"                daemon [_thread_in_native, id=17856, stack(0x0000004381500000,0x0000004381600000) (1024K)]
Total: 14

Other Threads:
  0x000001653b693090 VMThread "VM Thread"                           [id=19224, stack(0x0000004380800000,0x0000004380900000) (1024K)]
  0x000001653b679f00 WatcherThread "VM Periodic Task Thread"        [id=20516, stack(0x0000004380700000,0x0000004380800000) (1024K)]
  0x000001651f83d250 WorkerThread "GC Thread#0"                     [id=23192, stack(0x0000004380200000,0x0000004380300000) (1024K)]
  0x000001651f84f120 ConcurrentGCThread "G1 Main Marker"            [id=19324, stack(0x0000004380300000,0x0000004380400000) (1024K)]
  0x000001651f84fb30 WorkerThread "G1 Conc#0"                       [id=19272, stack(0x0000004380400000,0x0000004380500000) (1024K)]
  0x000001651f8aea10 ConcurrentGCThread "G1 Refine#0"               [id=21036, stack(0x0000004380500000,0x0000004380600000) (1024K)]
  0x000001653b54e680 ConcurrentGCThread "G1 Service"                [id=22152, stack(0x0000004380600000,0x0000004380700000) (1024K)]
Total: 7

Threads with active compile tasks:
Total: 0

VM state: not at safepoint (normal execution)

VM Mutex/Monitor currently owned by a thread:  ([mutex/lock_event])
[0x00007ffd817c9b38] Metaspace_lock - owner thread: 0x000001651d6967b0

Heap address: 0x0000000084200000, size: 1982 MB, Compressed Oops mode: 32-bit

CDS archive(s) mapped at: [0x000001653c000000-0x000001653cc60000-0x000001653cc60000), size 12976128, SharedBaseAddress: 0x000001653c000000, ArchiveRelocationMode: 1.
Compressed class space mapped at: 0x000001653d000000-0x000001657d000000, reserved size: 1073741824
Narrow klass base: 0x000001653c000000, Narrow klass shift: 0, Narrow klass range: 0x41000000

GC Precious Log:
 CardTable entry size: 512
 Card Set container configuration: InlinePtr #cards 5 size 8 Array Of Cards #cards 12 size 40 Howl #buckets 4 coarsen threshold 1843 Howl Bitmap #cards 512 size 80 coarsen threshold 460 Card regions per heap region 1 cards per card region 2048
 CPUs: 4 total, 4 available
 Memory: 7926M
 Large Page Support: Disabled
 NUMA Support: Disabled
 Compressed Oops: Enabled (32-bit)
 Heap Region Size: 1M
 Heap Min Capacity: 8M
 Heap Initial Capacity: 124M
 Heap Max Capacity: 1982M
 Pre-touch: Disabled
 Parallel Workers: 4
 Concurrent Workers: 1
 Concurrent Refinement Workers: 4
 Periodic GC: Disabled

Heap:
 garbage-first heap   total reserved 2029568K, committed 126976K, used 4096K [0x0000000084200000, 0x0000000100000000)
  region size 1024K, 5 young (5120K), 0 survivors (0K)
 Metaspace       used 3529K, committed 3648K, reserved 1114112K
  class space    used 337K, committed 384K, reserved 1048576K

Heap Regions: E=young(eden), S=young(survivor), O=old, HS=humongous(starts), HC=humongous(continues), CS=collection set, F=free, TAMS=top-at-mark-start, PB=parsable bottom
|   0|0x0000000084200000, 0x0000000084200000, 0x0000000084300000|  0%| F|  |TAMS 0x0000000084200000| PB 0x0000000084200000| Untracked |  0
|   1|0x0000000084300000, 0x0000000084300000, 0x0000000084400000|  0%| F|  |TAMS 0x0000000084300000| PB 0x0000000084300000| Untracked |  0
|   2|0x0000000084400000, 0x0000000084400000, 0x0000000084500000|  0%| F|  |TAMS 0x0000000084400000| PB 0x0000000084400000| Untracked |  0
|   3|0x0000000084500000, 0x0000000084500000, 0x0000000084600000|  0%| F|  |TAMS 0x0000000084500000| PB 0x0000000084500000| Untracked |  0
|   4|0x0000000084600000, 0x0000000084600000, 0x0000000084700000|  0%| F|  |TAMS 0x0000000084600000| PB 0x0000000084600000| Untracked |  0
|   5|0x0000000084700000, 0x0000000084700000, 0x0000000084800000|  0%| F|  |TAMS 0x0000000084700000| PB 0x0000000084700000| Untracked |  0
|   6|0x0000000084800000, 0x0000000084800000, 0x0000000084900000|  0%| F|  |TAMS 0x0000000084800000| PB 0x0000000084800000| Untracked |  0
|   7|0x0000000084900000, 0x0000000084900000, 0x0000000084a00000|  0%| F|  |TAMS 0x0000000084900000| PB 0x0000000084900000| Untracked |  0
|   8|0x0000000084a00000, 0x0000000084a00000, 0x0000000084b00000|  0%| F|  |TAMS 0x0000000084a00000| PB 0x0000000084a00000| Untracked |  0
|   9|0x0000000084b00000, 0x0000000084b00000, 0x0000000084c00000|  0%| F|  |TAMS 0x0000000084b00000| PB 0x0000000084b00000| Untracked |  0
|  10|0x0000000084c00000, 0x0000000084c00000, 0x0000000084d00000|  0%| F|  |TAMS 0x0000000084c00000| PB 0x0000000084c00000| Untracked |  0
|  11|0x0000000084d00000, 0x0000000084d00000, 0x0000000084e00000|  0%| F|  |TAMS 0x0000000084d00000| PB 0x0000000084d00000| Untracked |  0
|  12|0x0000000084e00000, 0x0000000084e00000, 0x0000000084f00000|  0%| F|  |TAMS 0x0000000084e00000| PB 0x0000000084e00000| Untracked |  0
|  13|0x0000000084f00000, 0x0000000084f00000, 0x0000000085000000|  0%| F|  |TAMS 0x0000000084f00000| PB 0x0000000084f00000| Untracked |  0
|  14|0x0000000085000000, 0x0000000085000000, 0x0000000085100000|  0%| F|  |TAMS 0x0000000085000000| PB 0x0000000085000000| Untracked |  0
|  15|0x0000000085100000, 0x0000000085100000, 0x0000000085200000|  0%| F|  |TAMS 0x0000000085100000| PB 0x0000000085100000| Untracked |  0
|  16|0x0000000085200000, 0x0000000085200000, 0x0000000085300000|  0%| F|  |TAMS 0x0000000085200000| PB 0x0000000085200000| Untracked |  0
|  17|0x0000000085300000, 0x0000000085300000, 0x0000000085400000|  0%| F|  |TAMS 0x0000000085300000| PB 0x0000000085300000| Untracked |  0
|  18|0x0000000085400000, 0x0000000085400000, 0x0000000085500000|  0%| F|  |TAMS 0x0000000085400000| PB 0x0000000085400000| Untracked |  0
|  19|0x0000000085500000, 0x0000000085500000, 0x0000000085600000|  0%| F|  |TAMS 0x0000000085500000| PB 0x0000000085500000| Untracked |  0
|  20|0x0000000085600000, 0x0000000085600000, 0x0000000085700000|  0%| F|  |TAMS 0x0000000085600000| PB 0x0000000085600000| Untracked |  0
|  21|0x0000000085700000, 0x0000000085700000, 0x0000000085800000|  0%| F|  |TAMS 0x0000000085700000| PB 0x0000000085700000| Untracked |  0
|  22|0x0000000085800000, 0x0000000085800000, 0x0000000085900000|  0%| F|  |TAMS 0x0000000085800000| PB 0x0000000085800000| Untracked |  0
|  23|0x0000000085900000, 0x0000000085900000, 0x0000000085a00000|  0%| F|  |TAMS 0x0000000085900000| PB 0x0000000085900000| Untracked |  0
|  24|0x0000000085a00000, 0x0000000085a00000, 0x0000000085b00000|  0%| F|  |TAMS 0x0000000085a00000| PB 0x0000000085a00000| Untracked |  0
|  25|0x0000000085b00000, 0x0000000085b00000, 0x0000000085c00000|  0%| F|  |TAMS 0x0000000085b00000| PB 0x0000000085b00000| Untracked |  0
|  26|0x0000000085c00000, 0x0000000085c00000, 0x0000000085d00000|  0%| F|  |TAMS 0x0000000085c00000| PB 0x0000000085c00000| Untracked |  0
|  27|0x0000000085d00000, 0x0000000085d00000, 0x0000000085e00000|  0%| F|  |TAMS 0x0000000085d00000| PB 0x0000000085d00000| Untracked |  0
|  28|0x0000000085e00000, 0x0000000085e00000, 0x0000000085f00000|  0%| F|  |TAMS 0x0000000085e00000| PB 0x0000000085e00000| Untracked |  0
|  29|0x0000000085f00000, 0x0000000085f00000, 0x0000000086000000|  0%| F|  |TAMS 0x0000000085f00000| PB 0x0000000085f00000| Untracked |  0
|  30|0x0000000086000000, 0x0000000086000000, 0x0000000086100000|  0%| F|  |TAMS 0x0000000086000000| PB 0x0000000086000000| Untracked |  0
|  31|0x0000000086100000, 0x0000000086100000, 0x0000000086200000|  0%| F|  |TAMS 0x0000000086100000| PB 0x0000000086100000| Untracked |  0
|  32|0x0000000086200000, 0x0000000086200000, 0x0000000086300000|  0%| F|  |TAMS 0x0000000086200000| PB 0x0000000086200000| Untracked |  0
|  33|0x0000000086300000, 0x0000000086300000, 0x0000000086400000|  0%| F|  |TAMS 0x0000000086300000| PB 0x0000000086300000| Untracked |  0
|  34|0x0000000086400000, 0x0000000086400000, 0x0000000086500000|  0%| F|  |TAMS 0x0000000086400000| PB 0x0000000086400000| Untracked |  0
|  35|0x0000000086500000, 0x0000000086500000, 0x0000000086600000|  0%| F|  |TAMS 0x0000000086500000| PB 0x0000000086500000| Untracked |  0
|  36|0x0000000086600000, 0x0000000086600000, 0x0000000086700000|  0%| F|  |TAMS 0x0000000086600000| PB 0x0000000086600000| Untracked |  0
|  37|0x0000000086700000, 0x0000000086700000, 0x0000000086800000|  0%| F|  |TAMS 0x0000000086700000| PB 0x0000000086700000| Untracked |  0
|  38|0x0000000086800000, 0x0000000086800000, 0x0000000086900000|  0%| F|  |TAMS 0x0000000086800000| PB 0x0000000086800000| Untracked |  0
|  39|0x0000000086900000, 0x0000000086900000, 0x0000000086a00000|  0%| F|  |TAMS 0x0000000086900000| PB 0x0000000086900000| Untracked |  0
|  40|0x0000000086a00000, 0x0000000086a00000, 0x0000000086b00000|  0%| F|  |TAMS 0x0000000086a00000| PB 0x0000000086a00000| Untracked |  0
|  41|0x0000000086b00000, 0x0000000086b00000, 0x0000000086c00000|  0%| F|  |TAMS 0x0000000086b00000| PB 0x0000000086b00000| Untracked |  0
|  42|0x0000000086c00000, 0x0000000086c00000, 0x0000000086d00000|  0%| F|  |TAMS 0x0000000086c00000| PB 0x0000000086c00000| Untracked |  0
|  43|0x0000000086d00000, 0x0000000086d00000, 0x0000000086e00000|  0%| F|  |TAMS 0x0000000086d00000| PB 0x0000000086d00000| Untracked |  0
|  44|0x0000000086e00000, 0x0000000086e00000, 0x0000000086f00000|  0%| F|  |TAMS 0x0000000086e00000| PB 0x0000000086e00000| Untracked |  0
|  45|0x0000000086f00000, 0x0000000086f00000, 0x0000000087000000|  0%| F|  |TAMS 0x0000000086f00000| PB 0x0000000086f00000| Untracked |  0
|  46|0x0000000087000000, 0x0000000087000000, 0x0000000087100000|  0%| F|  |TAMS 0x0000000087000000| PB 0x0000000087000000| Untracked |  0
|  47|0x0000000087100000, 0x0000000087100000, 0x0000000087200000|  0%| F|  |TAMS 0x0000000087100000| PB 0x0000000087100000| Untracked |  0
|  48|0x0000000087200000, 0x0000000087200000, 0x0000000087300000|  0%| F|  |TAMS 0x0000000087200000| PB 0x0000000087200000| Untracked |  0
|  49|0x0000000087300000, 0x0000000087300000, 0x0000000087400000|  0%| F|  |TAMS 0x0000000087300000| PB 0x0000000087300000| Untracked |  0
|  50|0x0000000087400000, 0x0000000087400000, 0x0000000087500000|  0%| F|  |TAMS 0x0000000087400000| PB 0x0000000087400000| Untracked |  0
|  51|0x0000000087500000, 0x0000000087500000, 0x0000000087600000|  0%| F|  |TAMS 0x0000000087500000| PB 0x0000000087500000| Untracked |  0
|  52|0x0000000087600000, 0x0000000087600000, 0x0000000087700000|  0%| F|  |TAMS 0x0000000087600000| PB 0x0000000087600000| Untracked |  0
|  53|0x0000000087700000, 0x0000000087700000, 0x0000000087800000|  0%| F|  |TAMS 0x0000000087700000| PB 0x0000000087700000| Untracked |  0
|  54|0x0000000087800000, 0x0000000087800000, 0x0000000087900000|  0%| F|  |TAMS 0x0000000087800000| PB 0x0000000087800000| Untracked |  0
|  55|0x0000000087900000, 0x0000000087900000, 0x0000000087a00000|  0%| F|  |TAMS 0x0000000087900000| PB 0x0000000087900000| Untracked |  0
|  56|0x0000000087a00000, 0x0000000087a00000, 0x0000000087b00000|  0%| F|  |TAMS 0x0000000087a00000| PB 0x0000000087a00000| Untracked |  0
|  57|0x0000000087b00000, 0x0000000087b00000, 0x0000000087c00000|  0%| F|  |TAMS 0x0000000087b00000| PB 0x0000000087b00000| Untracked |  0
|  58|0x0000000087c00000, 0x0000000087c00000, 0x0000000087d00000|  0%| F|  |TAMS 0x0000000087c00000| PB 0x0000000087c00000| Untracked |  0
|  59|0x0000000087d00000, 0x0000000087d00000, 0x0000000087e00000|  0%| F|  |TAMS 0x0000000087d00000| PB 0x0000000087d00000| Untracked |  0
|  60|0x0000000087e00000, 0x0000000087e00000, 0x0000000087f00000|  0%| F|  |TAMS 0x0000000087e00000| PB 0x0000000087e00000| Untracked |  0
|  61|0x0000000087f00000, 0x0000000087f00000, 0x0000000088000000|  0%| F|  |TAMS 0x0000000087f00000| PB 0x0000000087f00000| Untracked |  0
|  62|0x0000000088000000, 0x0000000088000000, 0x0000000088100000|  0%| F|  |TAMS 0x0000000088000000| PB 0x0000000088000000| Untracked |  0
|  63|0x0000000088100000, 0x0000000088100000, 0x0000000088200000|  0%| F|  |TAMS 0x0000000088100000| PB 0x0000000088100000| Untracked |  0
|  64|0x0000000088200000, 0x0000000088200000, 0x0000000088300000|  0%| F|  |TAMS 0x0000000088200000| PB 0x0000000088200000| Untracked |  0
|  65|0x0000000088300000, 0x0000000088300000, 0x0000000088400000|  0%| F|  |TAMS 0x0000000088300000| PB 0x0000000088300000| Untracked |  0
|  66|0x0000000088400000, 0x0000000088400000, 0x0000000088500000|  0%| F|  |TAMS 0x0000000088400000| PB 0x0000000088400000| Untracked |  0
|  67|0x0000000088500000, 0x0000000088500000, 0x0000000088600000|  0%| F|  |TAMS 0x0000000088500000| PB 0x0000000088500000| Untracked |  0
|  68|0x0000000088600000, 0x0000000088600000, 0x0000000088700000|  0%| F|  |TAMS 0x0000000088600000| PB 0x0000000088600000| Untracked |  0
|  69|0x0000000088700000, 0x0000000088700000, 0x0000000088800000|  0%| F|  |TAMS 0x0000000088700000| PB 0x0000000088700000| Untracked |  0
|  70|0x0000000088800000, 0x0000000088800000, 0x0000000088900000|  0%| F|  |TAMS 0x0000000088800000| PB 0x0000000088800000| Untracked |  0
|  71|0x0000000088900000, 0x0000000088900000, 0x0000000088a00000|  0%| F|  |TAMS 0x0000000088900000| PB 0x0000000088900000| Untracked |  0
|  72|0x0000000088a00000, 0x0000000088a00000, 0x0000000088b00000|  0%| F|  |TAMS 0x0000000088a00000| PB 0x0000000088a00000| Untracked |  0
|  73|0x0000000088b00000, 0x0000000088b00000, 0x0000000088c00000|  0%| F|  |TAMS 0x0000000088b00000| PB 0x0000000088b00000| Untracked |  0
|  74|0x0000000088c00000, 0x0000000088c00000, 0x0000000088d00000|  0%| F|  |TAMS 0x0000000088c00000| PB 0x0000000088c00000| Untracked |  0
|  75|0x0000000088d00000, 0x0000000088d00000, 0x0000000088e00000|  0%| F|  |TAMS 0x0000000088d00000| PB 0x0000000088d00000| Untracked |  0
|  76|0x0000000088e00000, 0x0000000088e00000, 0x0000000088f00000|  0%| F|  |TAMS 0x0000000088e00000| PB 0x0000000088e00000| Untracked |  0
|  77|0x0000000088f00000, 0x0000000088f00000, 0x0000000089000000|  0%| F|  |TAMS 0x0000000088f00000| PB 0x0000000088f00000| Untracked |  0
|  78|0x0000000089000000, 0x0000000089000000, 0x0000000089100000|  0%| F|  |TAMS 0x0000000089000000| PB 0x0000000089000000| Untracked |  0
|  79|0x0000000089100000, 0x0000000089100000, 0x0000000089200000|  0%| F|  |TAMS 0x0000000089100000| PB 0x0000000089100000| Untracked |  0
|  80|0x0000000089200000, 0x0000000089200000, 0x0000000089300000|  0%| F|  |TAMS 0x0000000089200000| PB 0x0000000089200000| Untracked |  0
|  81|0x0000000089300000, 0x0000000089300000, 0x0000000089400000|  0%| F|  |TAMS 0x0000000089300000| PB 0x0000000089300000| Untracked |  0
|  82|0x0000000089400000, 0x0000000089400000, 0x0000000089500000|  0%| F|  |TAMS 0x0000000089400000| PB 0x0000000089400000| Untracked |  0
|  83|0x0000000089500000, 0x0000000089500000, 0x0000000089600000|  0%| F|  |TAMS 0x0000000089500000| PB 0x0000000089500000| Untracked |  0
|  84|0x0000000089600000, 0x0000000089600000, 0x0000000089700000|  0%| F|  |TAMS 0x0000000089600000| PB 0x0000000089600000| Untracked |  0
|  85|0x0000000089700000, 0x0000000089700000, 0x0000000089800000|  0%| F|  |TAMS 0x0000000089700000| PB 0x0000000089700000| Untracked |  0
|  86|0x0000000089800000, 0x0000000089800000, 0x0000000089900000|  0%| F|  |TAMS 0x0000000089800000| PB 0x0000000089800000| Untracked |  0
|  87|0x0000000089900000, 0x0000000089900000, 0x0000000089a00000|  0%| F|  |TAMS 0x0000000089900000| PB 0x0000000089900000| Untracked |  0
|  88|0x0000000089a00000, 0x0000000089a00000, 0x0000000089b00000|  0%| F|  |TAMS 0x0000000089a00000| PB 0x0000000089a00000| Untracked |  0
|  89|0x0000000089b00000, 0x0000000089b00000, 0x0000000089c00000|  0%| F|  |TAMS 0x0000000089b00000| PB 0x0000000089b00000| Untracked |  0
|  90|0x0000000089c00000, 0x0000000089c00000, 0x0000000089d00000|  0%| F|  |TAMS 0x0000000089c00000| PB 0x0000000089c00000| Untracked |  0
|  91|0x0000000089d00000, 0x0000000089d00000, 0x0000000089e00000|  0%| F|  |TAMS 0x0000000089d00000| PB 0x0000000089d00000| Untracked |  0
|  92|0x0000000089e00000, 0x0000000089e00000, 0x0000000089f00000|  0%| F|  |TAMS 0x0000000089e00000| PB 0x0000000089e00000| Untracked |  0
|  93|0x0000000089f00000, 0x0000000089f00000, 0x000000008a000000|  0%| F|  |TAMS 0x0000000089f00000| PB 0x0000000089f00000| Untracked |  0
|  94|0x000000008a000000, 0x000000008a000000, 0x000000008a100000|  0%| F|  |TAMS 0x000000008a000000| PB 0x000000008a000000| Untracked |  0
|  95|0x000000008a100000, 0x000000008a100000, 0x000000008a200000|  0%| F|  |TAMS 0x000000008a100000| PB 0x000000008a100000| Untracked |  0
|  96|0x000000008a200000, 0x000000008a200000, 0x000000008a300000|  0%| F|  |TAMS 0x000000008a200000| PB 0x000000008a200000| Untracked |  0
|  97|0x000000008a300000, 0x000000008a300000, 0x000000008a400000|  0%| F|  |TAMS 0x000000008a300000| PB 0x000000008a300000| Untracked |  0
|  98|0x000000008a400000, 0x000000008a400000, 0x000000008a500000|  0%| F|  |TAMS 0x000000008a400000| PB 0x000000008a400000| Untracked |  0
|  99|0x000000008a500000, 0x000000008a500000, 0x000000008a600000|  0%| F|  |TAMS 0x000000008a500000| PB 0x000000008a500000| Untracked |  0
| 100|0x000000008a600000, 0x000000008a600000, 0x000000008a700000|  0%| F|  |TAMS 0x000000008a600000| PB 0x000000008a600000| Untracked |  0
| 101|0x000000008a700000, 0x000000008a700000, 0x000000008a800000|  0%| F|  |TAMS 0x000000008a700000| PB 0x000000008a700000| Untracked |  0
| 102|0x000000008a800000, 0x000000008a800000, 0x000000008a900000|  0%| F|  |TAMS 0x000000008a800000| PB 0x000000008a800000| Untracked |  0
| 103|0x000000008a900000, 0x000000008a900000, 0x000000008aa00000|  0%| F|  |TAMS 0x000000008a900000| PB 0x000000008a900000| Untracked |  0
| 104|0x000000008aa00000, 0x000000008aa00000, 0x000000008ab00000|  0%| F|  |TAMS 0x000000008aa00000| PB 0x000000008aa00000| Untracked |  0
| 105|0x000000008ab00000, 0x000000008ab00000, 0x000000008ac00000|  0%| F|  |TAMS 0x000000008ab00000| PB 0x000000008ab00000| Untracked |  0
| 106|0x000000008ac00000, 0x000000008ac00000, 0x000000008ad00000|  0%| F|  |TAMS 0x000000008ac00000| PB 0x000000008ac00000| Untracked |  0
| 107|0x000000008ad00000, 0x000000008ad00000, 0x000000008ae00000|  0%| F|  |TAMS 0x000000008ad00000| PB 0x000000008ad00000| Untracked |  0
| 108|0x000000008ae00000, 0x000000008ae00000, 0x000000008af00000|  0%| F|  |TAMS 0x000000008ae00000| PB 0x000000008ae00000| Untracked |  0
| 109|0x000000008af00000, 0x000000008af00000, 0x000000008b000000|  0%| F|  |TAMS 0x000000008af00000| PB 0x000000008af00000| Untracked |  0
| 110|0x000000008b000000, 0x000000008b000000, 0x000000008b100000|  0%| F|  |TAMS 0x000000008b000000| PB 0x000000008b000000| Untracked |  0
| 111|0x000000008b100000, 0x000000008b100000, 0x000000008b200000|  0%| F|  |TAMS 0x000000008b100000| PB 0x000000008b100000| Untracked |  0
| 112|0x000000008b200000, 0x000000008b200000, 0x000000008b300000|  0%| F|  |TAMS 0x000000008b200000| PB 0x000000008b200000| Untracked |  0
| 113|0x000000008b300000, 0x000000008b300000, 0x000000008b400000|  0%| F|  |TAMS 0x000000008b300000| PB 0x000000008b300000| Untracked |  0
| 114|0x000000008b400000, 0x000000008b400000, 0x000000008b500000|  0%| F|  |TAMS 0x000000008b400000| PB 0x000000008b400000| Untracked |  0
| 115|0x000000008b500000, 0x000000008b500000, 0x000000008b600000|  0%| F|  |TAMS 0x000000008b500000| PB 0x000000008b500000| Untracked |  0
| 116|0x000000008b600000, 0x000000008b600000, 0x000000008b700000|  0%| F|  |TAMS 0x000000008b600000| PB 0x000000008b600000| Untracked |  0
| 117|0x000000008b700000, 0x000000008b700000, 0x000000008b800000|  0%| F|  |TAMS 0x000000008b700000| PB 0x000000008b700000| Untracked |  0
| 118|0x000000008b800000, 0x000000008b800000, 0x000000008b900000|  0%| F|  |TAMS 0x000000008b800000| PB 0x000000008b800000| Untracked |  0
| 119|0x000000008b900000, 0x000000008b947af8, 0x000000008ba00000| 28%| E|  |TAMS 0x000000008b900000| PB 0x000000008b900000| Complete |  0
| 120|0x000000008ba00000, 0x000000008bb00000, 0x000000008bb00000|100%| E|CS|TAMS 0x000000008ba00000| PB 0x000000008ba00000| Complete |  0
| 121|0x000000008bb00000, 0x000000008bc00000, 0x000000008bc00000|100%| E|CS|TAMS 0x000000008bb00000| PB 0x000000008bb00000| Complete |  0
| 122|0x000000008bc00000, 0x000000008bd00000, 0x000000008bd00000|100%| E|CS|TAMS 0x000000008bc00000| PB 0x000000008bc00000| Complete |  0
| 123|0x000000008bd00000, 0x000000008be00000, 0x000000008be00000|100%| E|CS|TAMS 0x000000008bd00000| PB 0x000000008bd00000| Complete |  0

Card table byte_map: [0x0000016536f10000,0x00000165372f0000] _byte_map_base: 0x0000016536aef000

Marking Bits: (CMBitMap*) 0x000001651f83e070
 Bits: [0x00000165372f0000, 0x00000165391e8000)

Polling page: 0x000001651efb0000

Metaspace:

Usage:
  Non-class:      3.12 MB used.
      Class:    337.04 KB used.
       Both:      3.45 MB used.

Virtual space:
  Non-class space:       64.00 MB reserved,       3.19 MB (  5%) committed,  1 nodes.
      Class space:        1.00 GB reserved,     384.00 KB ( <1%) committed,  1 nodes.
             Both:        1.06 GB reserved,       3.56 MB ( <1%) committed. 

Chunk freelists:
   Non-Class:  11.91 MB
       Class:  15.57 MB
        Both:  27.48 MB

MaxMetaspaceSize: unlimited
CompressedClassSpaceSize: 1.00 GB
Initial GC threshold: 21.00 MB
Current GC threshold: 21.00 MB
CDS: on
 - commit_granule_bytes: 65536.
 - commit_granule_words: 8192.
 - virtual_space_node_default_size: 8388608.
 - enlarge_chunks_in_place: 1.
 - use_allocation_guard: 0.


Internal statistics:

num_allocs_failed_limit: 0.
num_arena_births: 94.
num_arena_deaths: 0.
num_vsnodes_births: 2.
num_vsnodes_deaths: 0.
num_space_committed: 57.
num_space_uncommitted: 0.
num_chunks_returned_to_freelist: 0.
num_chunks_taken_from_freelist: 113.
num_chunk_merges: 0.
num_chunk_splits: 67.
num_chunks_enlarged: 24.
num_inconsistent_stats: 0.

CodeHeap 'non-profiled nmethods': size=120000Kb used=139Kb max_used=139Kb free=119860Kb
 bounds [0x000001652f600000, 0x000001652f870000, 0x0000016536b30000]
CodeHeap 'profiled nmethods': size=120000Kb used=624Kb max_used=624Kb free=119375Kb
 bounds [0x0000016527b30000, 0x0000016527da0000, 0x000001652f060000]
CodeHeap 'non-nmethods': size=5760Kb used=1554Kb max_used=1561Kb free=4205Kb
 bounds [0x000001652f060000, 0x000001652f2d0000, 0x000001652f600000]
 total_blobs=966 nmethods=464 adapters=407
 compilation: enabled
              stopped_count=0, restarted_count=0
 full_count=0

Compilation events (20 events):
Event: 0.263 Thread 0x000001653b6d0600  455       3       java.util.HashMap::putVal (300 bytes)
Event: 0.263 Thread 0x000001653b6d0600 nmethod 455 0x0000016527bc5c10 code [0x0000016527bc5ec0, 0x0000016527bc6fe8]
Event: 0.263 Thread 0x000001653b6d0600  457       3       java.util.IdentityHashMap$IdentityHashMapIterator::hasNext (50 bytes)
Event: 0.264 Thread 0x000001653b6d0600 nmethod 457 0x0000016527bc7490 code [0x0000016527bc7640, 0x0000016527bc7888]
Event: 0.264 Thread 0x000001653b6d0600  456       1       java.util.concurrent.atomic.AtomicInteger::get (5 bytes)
Event: 0.264 Thread 0x000001653b6d0600 nmethod 456 0x000001652f622c10 code [0x000001652f622da0, 0x000001652f622e68]
Event: 0.265 Thread 0x000001653b6d0600  458       3       java.lang.invoke.MemberName::getInvocationType (56 bytes)
Event: 0.265 Thread 0x000001653b6d0600 nmethod 458 0x0000016527bc7990 code [0x0000016527bc7bc0, 0x0000016527bc8408]
Event: 0.265 Thread 0x000001653b6d0600  459       3       java.lang.invoke.InvokerBytecodeGenerator::emitLoadInsn (21 bytes)
Event: 0.266 Thread 0x000001653b6d0600 nmethod 459 0x0000016527bc8690 code [0x0000016527bc8840, 0x0000016527bc8a98]
Event: 0.266 Thread 0x000001653b6d0600  460       3       java.lang.invoke.InvokerBytecodeGenerator::loadInsnOpcode (98 bytes)
Event: 0.266 Thread 0x000001653b6d0600 nmethod 460 0x0000016527bc8c10 code [0x0000016527bc8e80, 0x0000016527bc97e0]
Event: 0.266 Thread 0x000001653b6d0600  461       3       sun.invoke.util.VerifyType::isNullConversion (157 bytes)
Event: 0.267 Thread 0x000001653b6d0600 nmethod 461 0x0000016527bc9b10 code [0x0000016527bc9e40, 0x0000016527bcb270]
Event: 0.267 Thread 0x000001653b6d0600  464       3       java.util.ImmutableCollections$List12::size (16 bytes)
Event: 0.267 Thread 0x000001653b6d0600 nmethod 464 0x0000016527bcb710 code [0x0000016527bcb8c0, 0x0000016527bcba50]
Event: 0.267 Thread 0x000001653b6d0600  463       3       java.lang.invoke.MethodType::erase (8 bytes)
Event: 0.267 Thread 0x000001653b6d0600 nmethod 463 0x0000016527bcbb10 code [0x0000016527bcbca0, 0x0000016527bcbdd0]
Event: 0.267 Thread 0x000001653b6d0600  462       3       java.lang.invoke.MemberName::isMethod (8 bytes)
Event: 0.267 Thread 0x000001653b6d0600 nmethod 462 0x0000016527bcbe90 code [0x0000016527bcc020, 0x0000016527bcc1e8]

GC Heap History (0 events):
No events

Dll operation events (7 events):
Event: 0.011 Loaded shared library C:\Program Files\Java\jdk-22\bin\java.dll
Event: 0.049 Loaded shared library C:\Program Files\Java\jdk-22\bin\jsvml.dll
Event: 0.084 Loaded shared library C:\Program Files\Java\jdk-22\bin\net.dll
Event: 0.086 Loaded shared library C:\Program Files\Java\jdk-22\bin\nio.dll
Event: 0.108 Loaded shared library C:\Program Files\Java\jdk-22\bin\zip.dll
Event: 0.125 Loaded shared library C:\Program Files\Java\jdk-22\bin\jimage.dll
Event: 0.153 Loaded shared library C:\Program Files\Java\jdk-22\bin\awt.dll

Deoptimization events (4 events):
Event: 0.262 Thread 0x000001651d6967b0 Uncommon trap: trap_request=0xffffff45 fr.pc=0x000001652f60faec relative=0x0000000000000a2c
Event: 0.262 Thread 0x000001651d6967b0 Uncommon trap: reason=unstable_if action=reinterpret pc=0x000001652f60faec method=java.util.HashMap.putVal(ILjava/lang/Object;Ljava/lang/Object;ZZ)Ljava/lang/Object; @ 236 c2
Event: 0.262 Thread 0x000001651d6967b0 DEOPT PACKING pc=0x000001652f60faec sp=0x00000043801fe230
Event: 0.262 Thread 0x000001651d6967b0 DEOPT UNPACKING pc=0x000001652f0b7da2 sp=0x00000043801fe1e8 mode 2

Classes loaded (20 events):
Event: 0.264 Loading class java/awt/font/FontRenderContext done
Event: 0.264 Loading class sun/swing/StringUIClientPropertyKey
Event: 0.264 Loading class javax/swing/UIClientPropertyKey
Event: 0.264 Loading class javax/swing/UIClientPropertyKey done
Event: 0.264 Loading class sun/swing/StringUIClientPropertyKey done
Event: 0.264 Loading class sun/swing/SwingUtilities2$LSBCacheEntry
Event: 0.264 Loading class sun/swing/SwingUtilities2$LSBCacheEntry done
Event: 0.264 Loading class javax/swing/UIManager$LAFState
Event: 0.264 Loading class javax/swing/UIManager$LAFState done
Event: 0.265 Loading class javax/swing/UIDefaults
Event: 0.265 Loading class javax/swing/UIDefaults done
Event: 0.265 Loading class javax/swing/MultiUIDefaults
Event: 0.265 Loading class javax/swing/MultiUIDefaults done
Event: 0.265 Loading class sun/swing/SwingAccessor$UIDefaultsAccessor
Event: 0.265 Loading class sun/swing/SwingAccessor$UIDefaultsAccessor done
Event: 0.266 Loading class javax/swing/UIManager$1
Event: 0.266 Loading class javax/swing/UIManager$1 done
Event: 0.267 Loading class javax/swing/plaf/metal/MetalLookAndFeel
Event: 0.267 Loading class javax/swing/plaf/basic/BasicLookAndFeel
Event: 0.268 Loading class javax/swing/LookAndFeel

Classes unloaded (0 events):
No events

Classes redefined (0 events):
No events

Internal exceptions (7 events):
Event: 0.087 Thread 0x000001651d6967b0 Exception <a 'sun/nio/fs/WindowsException'{0x000000008bcbc9a8}> (0x000000008bcbc9a8) 
thrown [s\open\src\hotspot\share\prims\jni.cpp, line 520]
Event: 0.089 Thread 0x000001651d6967b0 Exception <a 'sun/nio/fs/WindowsException'{0x000000008bcbef00}> (0x000000008bcbef00) 
thrown [s\open\src\hotspot\share\prims\jni.cpp, line 520]
Event: 0.089 Thread 0x000001651d6967b0 Exception <a 'sun/nio/fs/WindowsException'{0x000000008bcbfa08}> (0x000000008bcbfa08) 
thrown [s\open\src\hotspot\share\prims\jni.cpp, line 520]
Event: 0.131 Thread 0x000001651d6967b0 Exception <a 'java/lang/ClassNotFoundException'{0x000000008bb866b0}: sun/awt/resources/spi/awtProvider> (0x000000008bb866b0) 
thrown [s\open\src\hotspot\share\classfile\systemDictionary.cpp, line 313]
Event: 0.167 Thread 0x000001651d6967b0 Exception <a 'java/io/FileNotFoundException'{0x000000008bbda9d0}> (0x000000008bbda9d0) 
thrown [s\open\src\hotspot\share\prims\jni.cpp, line 520]
Event: 0.174 Thread 0x000001651d6967b0 Exception <a 'java/io/FileNotFoundException'{0x000000008ba08e08}> (0x000000008ba08e08) 
thrown [s\open\src\hotspot\share\prims\jni.cpp, line 520]
Event: 0.265 Thread 0x000001651d6967b0 Exception <a 'java/lang/NoSuchMethodError'{0x000000008b9121b8}: 'void java.lang.invoke.DirectMethodHandle$Holder.invokeSpecial(java.lang.Object, java.lang.Object, java.lang.Object)'> (0x000000008b9121b8) 
thrown [s\open\src\hotspot\share\interpreter\linkResolver.cpp, line 774]

ZGC Phase Switch (0 events):
No events

VM Operations (4 events):
Event: 0.090 Executing VM operation: HandshakeAllThreads (Deoptimize)
Event: 0.090 Executing VM operation: HandshakeAllThreads (Deoptimize) done
Event: 0.184 Executing VM operation: HandshakeAllThreads (Deoptimize)
Event: 0.184 Executing VM operation: HandshakeAllThreads (Deoptimize) done

Events (14 events):
Event: 0.031 Thread 0x000001651d6967b0 Thread added: 0x000001651d6967b0
Event: 0.046 Thread 0x000001653b6aab30 Thread added: 0x000001653b6aab30
Event: 0.046 Thread 0x000001653b6ab940 Thread added: 0x000001653b6ab940
Event: 0.046 Thread 0x000001653b6af3d0 Thread added: 0x000001653b6af3d0
Event: 0.046 Thread 0x000001653b6b0a20 Thread added: 0x000001653b6b0a20
Event: 0.046 Thread 0x000001653b6b8730 Thread added: 0x000001653b6b8730
Event: 0.046 Thread 0x000001653b6b9190 Thread added: 0x000001653b6b9190
Event: 0.047 Thread 0x000001653b6c3fd0 Thread added: 0x000001653b6c3fd0
Event: 0.047 Thread 0x000001653b6d0600 Thread added: 0x000001653b6d0600
Event: 0.073 Thread 0x000001653b8e6970 Thread added: 0x000001653b8e6970
Event: 0.104 Thread 0x000001653b9fc810 Thread added: 0x000001653b9fc810
Event: 0.230 Thread 0x000001653bb2aac0 Thread added: 0x000001653bb2aac0
Event: 0.231 Thread 0x000001653bb33c10 Thread added: 0x000001653bb33c10
Event: 0.232 Thread 0x000001653bb37370 Thread added: 0x000001653bb37370


Dynamic libraries:
0x00007ff640f40000 - 0x00007ff640f50000 	C:\Program Files\Java\jdk-22\bin\java.exe
0x00007ffdfb550000 - 0x00007ffdfb767000 	C:\Windows\SYSTEM32\ntdll.dll
0x00007ffdf9440000 - 0x00007ffdf9504000 	C:\Windows\System32\KERNEL32.DLL
0x00007ffdf88f0000 - 0x00007ffdf8c9c000 	C:\Windows\System32\KERNELBASE.dll
0x00007ffdf8e10000 - 0x00007ffdf8f21000 	C:\Windows\System32\ucrtbase.dll
0x00007ffdc6510000 - 0x00007ffdc652b000 	C:\Program Files\Java\jdk-22\bin\VCRUNTIME140.dll
0x00007ffdf2250000 - 0x00007ffdf2267000 	C:\Program Files\Java\jdk-22\bin\jli.dll
0x00007ffdfb220000 - 0x00007ffdfb2d2000 	C:\Windows\System32\ADVAPI32.dll
0x00007ffdf9fb0000 - 0x00007ffdfa057000 	C:\Windows\System32\msvcrt.dll
0x00007ffdfa680000 - 0x00007ffdfa72a000 	C:\Windows\System32\sechost.dll
0x00007ffdf9140000 - 0x00007ffdf9168000 	C:\Windows\System32\bcrypt.dll
0x00007ffdfa750000 - 0x00007ffdfa865000 	C:\Windows\System32\RPCRT4.dll
0x00007ffdf9290000 - 0x00007ffdf943e000 	C:\Windows\System32\USER32.dll
0x00007ffdf8fd0000 - 0x00007ffdf8ff6000 	C:\Windows\System32\win32u.dll
0x00007ffdfa9c0000 - 0x00007ffdfa9e9000 	C:\Windows\System32\GDI32.dll
0x00007ffde4d60000 - 0x00007ffde4ff3000 	C:\Windows\WinSxS\amd64_microsoft.windows.common-controls_6595b64144ccf1df_6.0.22621.3672_none_2713b9d173822955\COMCTL32.dll
0x00007ffdf9170000 - 0x00007ffdf9289000 	C:\Windows\System32\gdi32full.dll
0x00007ffdf8f30000 - 0x00007ffdf8fca000 	C:\Windows\System32\msvcp_win.dll
0x00007ffdf0a90000 - 0x00007ffdf0a9a000 	C:\Windows\SYSTEM32\VERSION.dll
0x00007ffdfaf20000 - 0x00007ffdfaf51000 	C:\Windows\System32\IMM32.DLL
0x00007ffdc6500000 - 0x00007ffdc650c000 	C:\Program Files\Java\jdk-22\bin\vcruntime140_1.dll
0x00007ffd80830000 - 0x00007ffd808be000 	C:\Program Files\Java\jdk-22\bin\msvcp140.dll
0x00007ffd80b60000 - 0x00007ffd818a7000 	C:\Program Files\Java\jdk-22\bin\server\jvm.dll
0x00007ffdfa060000 - 0x00007ffdfa0d1000 	C:\Windows\System32\WS2_32.dll
0x00007ffdf8690000 - 0x00007ffdf86dd000 	C:\Windows\SYSTEM32\POWRPROF.dll
0x00007ffdf1d00000 - 0x00007ffdf1d34000 	C:\Windows\SYSTEM32\WINMM.dll
0x00007ffdf8670000 - 0x00007ffdf8683000 	C:\Windows\SYSTEM32\UMPDC.dll
0x00007ffdf78b0000 - 0x00007ffdf78c8000 	C:\Windows\SYSTEM32\kernel.appcore.dll
0x00007ffdc64f0000 - 0x00007ffdc64fa000 	C:\Program Files\Java\jdk-22\bin\jimage.dll
0x00007ffdf5f40000 - 0x00007ffdf6172000 	C:\Windows\SYSTEM32\DBGHELP.DLL
0x00007ffdfa2e0000 - 0x00007ffdfa668000 	C:\Windows\System32\combase.dll
0x00007ffdfa870000 - 0x00007ffdfa947000 	C:\Windows\System32\OLEAUT32.dll
0x00007ffdd1a30000 - 0x00007ffdd1a62000 	C:\Windows\SYSTEM32\dbgcore.DLL
0x00007ffdf90c0000 - 0x00007ffdf913b000 	C:\Windows\System32\bcryptPrimitives.dll
0x00007ffd821b0000 - 0x00007ffd821ce000 	C:\Program Files\Java\jdk-22\bin\java.dll
0x00007ffdf9690000 - 0x00007ffdf9eec000 	C:\Windows\System32\SHELL32.dll
0x00007ffdfb2e0000 - 0x00007ffdfb485000 	C:\Windows\System32\ole32.dll
0x00007ffdf67d0000 - 0x00007ffdf70c7000 	C:\Windows\SYSTEM32\windows.storage.dll
0x00007ffdf6690000 - 0x00007ffdf67cf000 	C:\Windows\SYSTEM32\wintypes.dll
0x00007ffdfa0e0000 - 0x00007ffdfa1d4000 	C:\Windows\System32\SHCORE.dll
0x00007ffdfa950000 - 0x00007ffdfa9ae000 	C:\Windows\System32\shlwapi.dll
0x00007ffdf87b0000 - 0x00007ffdf87d1000 	C:\Windows\SYSTEM32\profapi.dll
0x00007ffd80a80000 - 0x00007ffd80b57000 	C:\Program Files\Java\jdk-22\bin\jsvml.dll
0x00007ffdc3990000 - 0x00007ffdc39a0000 	C:\Program Files\Java\jdk-22\bin\net.dll
0x00007ffdf7d20000 - 0x00007ffdf7d89000 	C:\Windows\system32\mswsock.dll
0x00007ffd82190000 - 0x00007ffd821a6000 	C:\Program Files\Java\jdk-22\bin\nio.dll
0x00007ffd80a60000 - 0x00007ffd80a77000 	C:\Program Files\Java\jdk-22\bin\zip.dll
0x00007ffd808c0000 - 0x00007ffd80a4e000 	C:\Program Files\Java\jdk-22\bin\awt.dll
0x00007ffdf4ae0000 - 0x00007ffdf4b77000 	C:\Windows\SYSTEM32\apphelp.dll
0x00007ffdf5b80000 - 0x00007ffdf5bab000 	C:\Windows\system32\DWMAPI.DLL
0x00007ffdf5900000 - 0x00007ffdf59aa000 	C:\Windows\system32\uxtheme.dll
0x00007ffdc01a0000 - 0x00007ffdc02a0000 	C:\Windows\system32\opengl32.dll
0x00007ffdc0040000 - 0x00007ffdc006d000 	C:\Windows\SYSTEM32\GLU32.dll
0x00007ffdf5a10000 - 0x00007ffdf5a49000 	C:\Windows\SYSTEM32\dxcore.dll
0x00007ffdf9510000 - 0x00007ffdf9663000 	C:\Windows\System32\MSCTF.dll

dbghelp: loaded successfully - version: 4.0.5 - missing functions: none
symbol engine: initialized successfully - sym options: 0x614 - pdb path: .;C:\Program Files\Java\jdk-22\bin;C:\Windows\SYSTEM32;C:\Windows\WinSxS\amd64_microsoft.windows.common-controls_6595b64144ccf1df_6.0.22621.3672_none_2713b9d173822955;C:\Program Files\Java\jdk-22\bin\server

VM Arguments:
jvm_args: -Dfile.encoding=UTF-8 --module-path=C:\Users\gaura\Documents\NetBeansProjects\bank management system\build\classes 
java_command: bank.management.system.Transactions
java_class_path (initial): C:\Users\gaura\Downloads\jcalendar-tz-1.3.3-4.jar;C:\Users\gaura\Downloads\mysql-connector-java-8.0.28.jar;C:\Users\gaura\Documents\NetBeansProjects\bank management system\build\classes
Launcher Type: SUN_STANDARD

[Global flags]
     intx CICompilerCount                          = 3                                         {product} {ergonomic}
     uint ConcGCThreads                            = 1                                         {product} {ergonomic}
     uint G1ConcRefinementThreads                  = 4                                         {product} {ergonomic}
   size_t G1HeapRegionSize                         = 1048576                                   {product} {ergonomic}
   size_t InitialHeapSize                          = 130023424                                 {product} {ergonomic}
   size_t MarkStackSize                            = 4194304                                   {product} {ergonomic}
   size_t MaxHeapSize                              = 2078277632                                {product} {ergonomic}
   size_t MaxNewSize                               = 1246756864                                {product} {ergonomic}
   size_t MinHeapDeltaBytes                        = 1048576                                   {product} {ergonomic}
   size_t MinHeapSize                              = 8388608                                   {product} {ergonomic}
    uintx NonNMethodCodeHeapSize                   = 5832780                                {pd product} {ergonomic}
    uintx NonProfiledCodeHeapSize                  = 122912730                              {pd product} {ergonomic}
    uintx ProfiledCodeHeapSize                     = 122912730                              {pd product} {ergonomic}
    uintx ReservedCodeCacheSize                    = 251658240                              {pd product} {ergonomic}
     bool SegmentedCodeCache                       = true                                      {product} {ergonomic}
   size_t SoftMaxHeapSize                          = 2078277632                             {manageable} {ergonomic}
     bool UseCompressedOops                        = true                           {product lp64_product} {ergonomic}
     bool UseG1GC                                  = true                                      {product} {ergonomic}
     bool UseLargePagesIndividualAllocation        = false                                  {pd product} {ergonomic}

Logging:
Log output configuration:
 #0: stdout all=warning uptime,level,tags foldmultilines=false
 #1: stderr all=off uptime,level,tags foldmultilines=false

Environment Variables:
PATH=C:\Program Files\Common Files\Oracle\Java\javapath;C:\Windows\system32;C:\Windows;C:\Windows\System32\Wbem;C:\Windows\System32\WindowsPowerShell\v1.0\;C:\Windows\System32\OpenSSH\;C:\Program Files\dotnet\;C:\Program Files\Java\jdk-22\bin;C:\Program Files\MySQL\MySQL Shell 8.0\bin\;C:\Users\gaura\AppData\Local\Microsoft\WindowsApps;C:\Users\gaura\AppData\Local\Programs\Microsoft VS Code\bin
USERNAME=gaura
OS=Windows_NT
PROCESSOR_IDENTIFIER=Intel64 Family 6 Model 140 Stepping 1, GenuineIntel
TMP=C:\Users\gaura\AppData\Local\Temp
TEMP=C:\Users\gaura\AppData\Local\Temp




Periodic native trim disabled

---------------  S Y S T E M  ---------------

OS:
 Windows 11 , 64 bit Build 22621 (10.0.22621.3672)
OS uptime: 0 days 12:23 hours

CPU: total 4 (initial active 4) (2 cores per cpu, 2 threads per core) family 6 model 140 stepping 1 microcode 0xb4, cx8, cmov, fxsr, ht, mmx, 3dnowpref, sse, sse2, sse3, ssse3, sse4.1, sse4.2, popcnt, lzcnt, tsc, tscinvbit, avx, avx2, aes, erms, clmul, bmi1, bmi2, adx, avx512f, avx512dq, avx512cd, avx512bw, avx512vl, sha, fma, vzeroupper, avx512_vpopcntdq, avx512_vpclmulqdq, avx512_vaes, avx512_vnni, clflush, clflushopt, clwb, avx512_vbmi2, avx512_vbmi, rdtscp, rdpid, fsrm, gfni, avx512_bitalg, f16c, pku, cet_ibt, cet_ss, avx512_ifma
Processor Information for all 4 processors :
  Max Mhz: 2995, Current Mhz: 2995, Mhz Limit: 2995

Memory: 4k page, system-wide physical 7926M (490M free)
TotalPageFile size 32502M (AvailPageFile size 2M)
current process WorkingSet (physical memory assigned to process): 48M, peak: 48M
current process commit charge ("private bytes"): 202M, peak: 202M

vm_info: Java HotSpot(TM) 64-Bit Server VM (22.0.1+8-16) for windows-amd64 JRE (22.0.1+8-16), built on 2024-03-12T10:33:16Z by "mach5one" with MS VC++ 17.6 (VS2022)

END.
